<?xml version="1.0" encoding="UTF-8"?>
<testng-results skipped="0" failed="0" ignored="0" total="0" passed="0">
  <reporter-output>
  </reporter-output>
  <suite name="runners.TestRunner" duration-ms="12" started-at="2024-04-15T16:49:56 BDT" finished-at="2024-04-15T16:49:56 BDT">
    <groups>
    </groups>
    <test name="Command line test" duration-ms="12" started-at="2024-04-15T16:49:56 BDT" finished-at="2024-04-15T16:49:56 BDT">
    </test> <!-- Command line test -->
  </suite> <!-- runners.TestRunner -->
</testng-results>
